Command line:
   tb_CLA_4_bit_isim_beh.exe
     -simmode  gui
     -simrunnum  0
     -socket  64659

Wed Aug 31 15:48:14 2022


 Elaboration Time: 0.046875 sec

 Current Memory Usage: 5806.85 Meg

 Total Signals          : 23
 Total Nets             : 39
 Total Signal Drivers   : 16
 Total Blocks           : 3
 Total Primitive Blocks : 2
 Total Processes        : 18
 Total Traceable Variables  : 21
 Total Scalar Nets and Variables : 128
Total Line Count : 31

 Total Simulation Time: 0.046875 sec

 Current Memory Usage: 5806.85 Meg

Wed Aug 31 15:48:21 2022

