Release 14.7 - xst P.20131013 (nt64)
Copyright (c) 1995-2013 Xilinx, Inc.  All rights reserved.
--> Parameter TMPDIR set to xst/projnav.tmp


Total REAL time to Xst completion: 0.00 secs
Total CPU time to Xst completion: 0.08 secs
 
--> Parameter xsthdpdir set to xst


Total REAL time to Xst completion: 0.00 secs
Total CPU time to Xst completion: 0.08 secs
 
--> Reading design: wrapper_CLA_16_bit.prj

TABLE OF CONTENTS
  1) Synthesis Options Summary
  2) HDL Parsing
  3) HDL Elaboration
  4) HDL Synthesis
       4.1) HDL Synthesis Report
  5) Advanced HDL Synthesis
       5.1) Advanced HDL Synthesis Report
  6) Low Level Synthesis
  7) Partition Report
  8) Design Summary
       8.1) Primitive and Black Box Usage
       8.2) Device utilization summary
       8.3) Partition Resource Summary
       8.4) Timing Report
            8.4.1) Clock Information
            8.4.2) Asynchronous Control Signals Information
            8.4.3) Timing Summary
            8.4.4) Timing Details
            8.4.5) Cross Clock Domains Report


=========================================================================
*                      Synthesis Options Summary                        *
=========================================================================
---- Source Parameters
Input File Name                    : "wrapper_CLA_16_bit.prj"
Ignore Synthesis Constraint File   : NO

---- Target Parameters
Output File Name                   : "wrapper_CLA_16_bit"
Output Format                      : NGC
Target Device                      : xc7a100t-1-csg324

---- Source Options
Top Module Name                    : wrapper_CLA_16_bit
Automatic FSM Extraction           : YES
FSM Encoding Algorithm             : Auto
Safe Implementation                : No
FSM Style                          : LUT
RAM Extraction                     : Yes
RAM Style                          : Auto
ROM Extraction                     : Yes
Shift Register Extraction          : YES
ROM Style                          : Auto
Resource Sharing                   : YES
Asynchronous To Synchronous        : NO
Shift Register Minimum Size        : 2
Use DSP Block                      : Auto
Automatic Register Balancing       : No

---- Target Options
LUT Combining                      : Auto
Reduce Control Sets                : Auto
Add IO Buffers                     : YES
Global Maximum Fanout              : 100000
Add Generic Clock Buffer(BUFG)     : 32
Register Duplication               : YES
Optimize Instantiated Primitives   : NO
Use Clock Enable                   : Auto
Use Synchronous Set                : Auto
Use Synchronous Reset              : Auto
Pack IO Registers into IOBs        : Auto
Equivalent register Removal        : YES

---- General Options
Optimization Goal                  : Speed
Optimization Effort                : 1
Power Reduction                    : NO
Keep Hierarchy                     : No
Netlist Hierarchy                  : As_Optimized
RTL Output                         : Yes
Global Optimization                : AllClockNets
Read Cores                         : YES
Write Timing Constraints           : NO
Cross Clock Analysis               : NO
Hierarchy Separator                : /
Bus Delimiter                      : <>
Case Specifier                     : Maintain
Slice Utilization Ratio            : 100
BRAM Utilization Ratio             : 100
DSP48 Utilization Ratio            : 100
Auto BRAM Packing                  : NO
Slice Utilization Ratio Delta      : 5

=========================================================================


=========================================================================
*                          HDL Parsing                                  *
=========================================================================
Analyzing Verilog file "E:\IIT-KGP\SEM-5\COA-Lab\Tut\Asgn3_Part2\CLA_4_bit_augmented.v" into library work
Parsing module <CLA_4_bit_augmented>.
Analyzing Verilog file "E:\IIT-KGP\SEM-5\COA-Lab\Tut\Asgn3_Part2\carry_look_ahead.v" into library work
Parsing module <carry_look_ahead>.
Analyzing Verilog file "E:\IIT-KGP\SEM-5\COA-Lab\Tut\Asgn3_Part2\CLA_16_bit.v" into library work
Parsing module <CLA_16_bit>.
Analyzing Verilog file "E:\IIT-KGP\SEM-5\COA-Lab\Tut\Asgn3_Part2\wrapper_CLA_16_bit.v" into library work
Parsing module <wrapper_CLA_16_bit>.

=========================================================================
*                            HDL Elaboration                            *
=========================================================================

Elaborating module <wrapper_CLA_16_bit>.

Elaborating module <CLA_16_bit>.

Elaborating module <CLA_4_bit_augmented>.

Elaborating module <carry_look_ahead>.
WARNING:HDLCompiler:189 - "E:\IIT-KGP\SEM-5\COA-Lab\Tut\Asgn3_Part2\wrapper_CLA_16_bit.v" Line 54: Size mismatch in connection of port <Prop>. Formal port size is 1-bit while actual signal size is 4-bit.

=========================================================================
*                           HDL Synthesis                               *
=========================================================================

Synthesizing Unit <wrapper_CLA_16_bit>.
    Related source file is "E:\IIT-KGP\SEM-5\COA-Lab\Tut\Asgn3_Part2\wrapper_CLA_16_bit.v".
    Found 16-bit register for signal <in2_reg>.
    Found 1-bit register for signal <cin>.
    Found 16-bit register for signal <out_data>.
    Found 4-bit register for signal <P>.
    Found 4-bit register for signal <G>.
    Found 1-bit register for signal <c>.
    Found 16-bit register for signal <in1_reg>.
    Summary:
	inferred  58 D-type flip-flop(s).
Unit <wrapper_CLA_16_bit> synthesized.

Synthesizing Unit <CLA_16_bit>.
    Related source file is "E:\IIT-KGP\SEM-5\COA-Lab\Tut\Asgn3_Part2\CLA_16_bit.v".
INFO:Xst:3210 - "E:\IIT-KGP\SEM-5\COA-Lab\Tut\Asgn3_Part2\CLA_16_bit.v" line 44: Output port <c_out> of the instance <CLA_4_bit_1> is unconnected or connected to loadless signal.
INFO:Xst:3210 - "E:\IIT-KGP\SEM-5\COA-Lab\Tut\Asgn3_Part2\CLA_16_bit.v" line 45: Output port <c_out> of the instance <CLA_4_bit_2> is unconnected or connected to loadless signal.
INFO:Xst:3210 - "E:\IIT-KGP\SEM-5\COA-Lab\Tut\Asgn3_Part2\CLA_16_bit.v" line 46: Output port <c_out> of the instance <CLA_4_bit_3> is unconnected or connected to loadless signal.
INFO:Xst:3210 - "E:\IIT-KGP\SEM-5\COA-Lab\Tut\Asgn3_Part2\CLA_16_bit.v" line 47: Output port <c_out> of the instance <CLA_4_bit_4> is unconnected or connected to loadless signal.
    Summary:
	no macro.
Unit <CLA_16_bit> synthesized.

Synthesizing Unit <CLA_4_bit_augmented>.
    Related source file is "E:\IIT-KGP\SEM-5\COA-Lab\Tut\Asgn3_Part2\CLA_4_bit_augmented.v".
    Summary:
Unit <CLA_4_bit_augmented> synthesized.

Synthesizing Unit <carry_look_ahead>.
    Related source file is "E:\IIT-KGP\SEM-5\COA-Lab\Tut\Asgn3_Part2\carry_look_ahead.v".
    Summary:
	no macro.
Unit <carry_look_ahead> synthesized.

=========================================================================
HDL Synthesis Report

Macro Statistics
# Registers                                            : 7
 1-bit register                                        : 2
 16-bit register                                       : 3
 4-bit register                                        : 2
# Xors                                                 : 8
 4-bit xor2                                            : 8

=========================================================================

=========================================================================
*                       Advanced HDL Synthesis                          *
=========================================================================

WARNING:Xst:1710 - FF/Latch <P_1> (without init value) has a constant value of 0 in block <wrapper_CLA_16_bit>. This FF/Latch will be trimmed during the optimization process.
WARNING:Xst:1895 - Due to other FF/Latch trimming, FF/Latch <P_2> (without init value) has a constant value of 0 in block <wrapper_CLA_16_bit>. This FF/Latch will be trimmed during the optimization process.
WARNING:Xst:1895 - Due to other FF/Latch trimming, FF/Latch <P_3> (without init value) has a constant value of 0 in block <wrapper_CLA_16_bit>. This FF/Latch will be trimmed during the optimization process.
WARNING:Xst:1895 - Due to other FF/Latch trimming, FF/Latch <G_1> (without init value) has a constant value of 0 in block <wrapper_CLA_16_bit>. This FF/Latch will be trimmed during the optimization process.
WARNING:Xst:1895 - Due to other FF/Latch trimming, FF/Latch <G_2> (without init value) has a constant value of 0 in block <wrapper_CLA_16_bit>. This FF/Latch will be trimmed during the optimization process.
WARNING:Xst:1895 - Due to other FF/Latch trimming, FF/Latch <G_3> (without init value) has a constant value of 0 in block <wrapper_CLA_16_bit>. This FF/Latch will be trimmed during the optimization process.
WARNING:Xst:2404 -  FFs/Latches <P<3:1>> (without init value) have a constant value of 0 in block <wrapper_CLA_16_bit>.
WARNING:Xst:2404 -  FFs/Latches <G<3:1>> (without init value) have a constant value of 0 in block <wrapper_CLA_16_bit>.

=========================================================================
Advanced HDL Synthesis Report

Macro Statistics
# Registers                                            : 52
 Flip-Flops                                            : 52
# Xors                                                 : 8
 4-bit xor2                                            : 8

=========================================================================

=========================================================================
*                         Low Level Synthesis                           *
=========================================================================

Optimizing unit <wrapper_CLA_16_bit> ...

Mapping all equations...
Building and optimizing final netlist ...
Found area constraint ratio of 100 (+ 5) on block wrapper_CLA_16_bit, actual ratio is 0.

Final Macro Processing ...

=========================================================================
Final Register Report

Macro Statistics
# Registers                                            : 52
 Flip-Flops                                            : 52

=========================================================================

=========================================================================
*                           Partition Report                            *
=========================================================================

Partition Implementation Status
-------------------------------

  No Partitions were found in this design.

-------------------------------

=========================================================================
*                            Design Summary                             *
=========================================================================

Top Level Output File Name         : wrapper_CLA_16_bit.ngc

Primitive and Black Box Usage:
------------------------------
# BELS                             : 66
#      GND                         : 1
#      LUT2                        : 10
#      LUT3                        : 3
#      LUT4                        : 10
#      LUT5                        : 13
#      LUT6                        : 27
#      MUXF7                       : 2
# FlipFlops/Latches                : 52
#      FDR                         : 52
# Clock Buffers                    : 1
#      BUFGP                       : 1
# IO Buffers                       : 59
#      IBUF                        : 34
#      OBUF                        : 25

Device utilization summary:
---------------------------

Selected Device : 7a100tcsg324-1 


Slice Logic Utilization: 
 Number of Slice Registers:              52  out of  126800     0%  
 Number of Slice LUTs:                   63  out of  63400     0%  
    Number used as Logic:                63  out of  63400     0%  

Slice Logic Distribution: 
 Number of LUT Flip Flop pairs used:     95
   Number with an unused Flip Flop:      43  out of     95    45%  
   Number with an unused LUT:            32  out of     95    33%  
   Number of fully used LUT-FF pairs:    20  out of     95    21%  
   Number of unique control sets:         1

IO Utilization: 
 Number of IOs:                          60
 Number of bonded IOBs:                  60  out of    210    28%  

Specific Feature Utilization:
 Number of BUFG/BUFGCTRLs:                1  out of     32     3%  

---------------------------
Partition Resource Summary:
---------------------------

  No Partitions were found in this design.

---------------------------


=========================================================================
Timing Report

NOTE: THESE TIMING NUMBERS ARE ONLY A SYNTHESIS ESTIMATE.
      FOR ACCURATE TIMING INFORMATION PLEASE REFER TO THE TRACE REPORT
      GENERATED AFTER PLACE-and-ROUTE.

Clock Information:
------------------
-----------------------------------+------------------------+-------+
Clock Signal                       | Clock buffer(FF name)  | Load  |
-----------------------------------+------------------------+-------+
clk                                | BUFGP                  | 52    |
-----------------------------------+------------------------+-------+

Asynchronous Control Signals Information:
----------------------------------------
No asynchronous control signals found in this design

Timing Summary:
---------------
Speed Grade: -1

   Minimum period: 3.411ns (Maximum Frequency: 293.169MHz)
   Minimum input arrival time before clock: 1.051ns
   Maximum output required time after clock: 0.877ns
   Maximum combinational path delay: No path found

Timing Details:
---------------
All values displayed in nanoseconds (ns)

=========================================================================
Timing constraint: Default period analysis for Clock 'clk'
  Clock period: 3.411ns (frequency: 293.169MHz)
  Total number of paths / destination ports: 656 / 19
-------------------------------------------------------------------------
Delay:               3.411ns (Levels of Logic = 4)
  Source:            in1_reg_9 (FF)
  Destination:       c (FF)
  Source Clock:      clk rising
  Destination Clock: clk rising

  Data Path: in1_reg_9 to c
                                Gate     Net
    Cell:in->out      fanout   Delay   Delay  Logical Name (Net Name)
    ----------------------------------------  ------------
     FDR:C->Q              7   0.478   0.816  in1_reg_9 (in1_reg_9)
     LUT4:I0->O            1   0.124   0.421  CLA_unit/CLA_4_bit_3/gen<3>1 (CLA_unit/CLA_4_bit_3/gen<3>)
     LUT5:I4->O            5   0.124   0.743  CLA_unit/CLA_4_bit_3/gen<3>2 (CLA_unit/g<2>)
     LUT4:I1->O            2   0.124   0.427  CLA_unit/CLA_unit/g_out<3>3 (CLA_unit/CLA_unit/g_out<3>2)
     LUT4:I3->O            1   0.124   0.000  CLA_unit/CLA_unit/g_out<3>4 (G_out<0>)
     FDR:D                     0.030          G
    ----------------------------------------
    Total                      3.411ns (1.004ns logic, 2.407ns route)
                                       (29.4% logic, 70.6% route)

=========================================================================
Timing constraint: Default OFFSET IN BEFORE for Clock 'clk'
  Total number of paths / destination ports: 85 / 85
-------------------------------------------------------------------------
Offset:              1.051ns (Levels of Logic = 1)
  Source:            rst (PAD)
  Destination:       in1_reg_0 (FF)
  Destination Clock: clk rising

  Data Path: rst to in1_reg_0
                                Gate     Net
    Cell:in->out      fanout   Delay   Delay  Logical Name (Net Name)
    ----------------------------------------  ------------
     IBUF:I->O            52   0.001   0.556  rst_IBUF (rst_IBUF)
     FDR:R                     0.494          in1_reg_0
    ----------------------------------------
    Total                      1.051ns (0.495ns logic, 0.556ns route)
                                       (47.1% logic, 52.9% route)

=========================================================================
Timing constraint: Default OFFSET OUT AFTER for Clock 'clk'
  Total number of paths / destination ports: 19 / 19
-------------------------------------------------------------------------
Offset:              0.877ns (Levels of Logic = 1)
  Source:            out_data_15 (FF)
  Destination:       out_data<15> (PAD)
  Source Clock:      clk rising

  Data Path: out_data_15 to out_data<15>
                                Gate     Net
    Cell:in->out      fanout   Delay   Delay  Logical Name (Net Name)
    ----------------------------------------  ------------
     FDR:C->Q              1   0.478   0.399  out_data_15 (out_data_15)
     OBUF:I->O                 0.000          out_data_15_OBUF (out_data<15>)
    ----------------------------------------
    Total                      0.877ns (0.478ns logic, 0.399ns route)
                                       (54.5% logic, 45.5% route)

=========================================================================

Cross Clock Domains Report:
--------------------------

Clock to Setup on destination clock clk
---------------+---------+---------+---------+---------+
               | Src:Rise| Src:Fall| Src:Rise| Src:Fall|
Source Clock   |Dest:Rise|Dest:Rise|Dest:Fall|Dest:Fall|
---------------+---------+---------+---------+---------+
clk            |    3.411|         |         |         |
---------------+---------+---------+---------+---------+

=========================================================================


Total REAL time to Xst completion: 6.00 secs
Total CPU time to Xst completion: 6.22 secs
 
--> 

Total memory usage is 4618772 kilobytes

Number of errors   :    0 (   0 filtered)
Number of warnings :    9 (   0 filtered)
Number of infos    :    4 (   0 filtered)

