#! /usr/bin/vvp
:ivl_version "11.0 (stable)";
:ivl_delay_selection "TYPICAL";
:vpi_time_precision - 12;
:vpi_module "/usr/lib/x86_64-linux-gnu/ivl/system.vpi";
:vpi_module "/usr/lib/x86_64-linux-gnu/ivl/vhdl_sys.vpi";
:vpi_module "/usr/lib/x86_64-linux-gnu/ivl/vhdl_textio.vpi";
:vpi_module "/usr/lib/x86_64-linux-gnu/ivl/v2005_math.vpi";
:vpi_module "/usr/lib/x86_64-linux-gnu/ivl/va_math.vpi";
S_0x55b027d2b4e0 .scope module, "binary_counter_4_bit" "binary_counter_4_bit" 2 13;
 .timescale -9 -12;
    .port_info 0 /INPUT 1 "clk";
    .port_info 1 /INPUT 1 "switch";
    .port_info 2 /OUTPUT 4 "anode";
    .port_info 3 /OUTPUT 8 "cathode";
v0x55b027d4fdd0_0 .net "anode", 3 0, v0x55b027d4e1d0_0;  1 drivers
v0x55b027d4ff00_0 .net "cathode", 7 0, v0x55b027d4ef70_0;  1 drivers
o0x7feb97c88138 .functor BUFZ 1, C4<z>; HiZ drive
v0x55b027d50010_0 .net "clk", 0 0, o0x7feb97c88138;  0 drivers
v0x55b027d500b0_0 .net "cntr", 3 0, v0x55b027d30940_0;  1 drivers
v0x55b027d501a0_0 .net "cntr_clk", 0 0, v0x55b027d4cc30_0;  1 drivers
v0x55b027d502e0_0 .net "ones", 3 0, v0x55b027d4d7e0_0;  1 drivers
v0x55b027d503a0_0 .net "refresh_clk", 0 0, v0x55b027d4d080_0;  1 drivers
o0x7feb97c88078 .functor BUFZ 1, C4<z>; HiZ drive
v0x55b027d50440_0 .net "switch", 0 0, o0x7feb97c88078;  0 drivers
v0x55b027d504e0_0 .net "tens", 3 0, v0x55b027d4dbb0_0;  1 drivers
S_0x55b027d2b670 .scope module, "binary_cntr" "binary_counter" 2 25, 3 13 0, S_0x55b027d2b4e0;
 .timescale -9 -12;
    .port_info 0 /INPUT 1 "cntr_clk";
    .port_info 1 /INPUT 1 "switch";
    .port_info 2 /OUTPUT 4 "cntr";
v0x55b027d30940_0 .var "cntr", 3 0;
v0x55b027d11160_0 .net "cntr_clk", 0 0, v0x55b027d4cc30_0;  alias, 1 drivers
v0x55b027d0f480_0 .net "switch", 0 0, o0x7feb97c88078;  alias, 0 drivers
E_0x55b027d29020 .event posedge, v0x55b027d11160_0;
S_0x55b027d4c9d0 .scope module, "clk_1" "clock_divider" 2 23, 4 13 0, S_0x55b027d2b4e0;
 .timescale -9 -12;
    .port_info 0 /INPUT 1 "clk";
    .port_info 1 /OUTPUT 1 "clk_out";
v0x55b027cdf7b0_0 .net "clk", 0 0, o0x7feb97c88138;  alias, 0 drivers
v0x55b027d4cc30_0 .var "clk_out", 0 0;
v0x55b027d4ccf0_0 .var/i "cntr", 31 0;
E_0x55b027d01a70 .event posedge, v0x55b027cdf7b0_0;
S_0x55b027d4cdd0 .scope module, "clk_2" "clock_10khz_converter" 2 24, 5 13 0, S_0x55b027d2b4e0;
 .timescale -9 -12;
    .port_info 0 /INPUT 1 "clk";
    .port_info 1 /OUTPUT 1 "clk_out";
v0x55b027d4cfb0_0 .net "clk", 0 0, o0x7feb97c88138;  alias, 0 drivers
v0x55b027d4d080_0 .var "clk_out", 0 0;
v0x55b027d4d120_0 .var/i "cntr", 31 0;
S_0x55b027d4d270 .scope module, "cnvtr_1" "binary_to_bcd_converter" 2 26, 6 13 0, S_0x55b027d2b4e0;
 .timescale -9 -12;
    .port_info 0 /INPUT 1 "clk";
    .port_info 1 /INPUT 4 "input_4_bit_val";
    .port_info 2 /OUTPUT 4 "ones";
    .port_info 3 /OUTPUT 4 "tens";
v0x55b027d4d480_0 .net "clk", 0 0, o0x7feb97c88138;  alias, 0 drivers
v0x55b027d4d570_0 .net "input_4_bit_val", 3 0, v0x55b027d30940_0;  alias, 1 drivers
v0x55b027d4d630_0 .var "iterator", 3 0;
v0x55b027d4d700_0 .var "old_4_bit_val", 3 0;
v0x55b027d4d7e0_0 .var "ones", 3 0;
v0x55b027d4d910_0 .var "shift_reg", 11 0;
v0x55b027d4d9f0_0 .var "temp_ones", 3 0;
v0x55b027d4dad0_0 .var "temp_tens", 3 0;
v0x55b027d4dbb0_0 .var "tens", 3 0;
S_0x55b027d4dd10 .scope module, "cnvtr_2" "BCD_7_segment" 2 27, 7 13 0, S_0x55b027d2b4e0;
 .timescale -9 -12;
    .port_info 0 /INPUT 1 "refresh_clk";
    .port_info 1 /INPUT 4 "ones";
    .port_info 2 /INPUT 4 "tens";
    .port_info 3 /OUTPUT 4 "anode";
    .port_info 4 /OUTPUT 8 "cathode";
v0x55b027d4f680_0 .net "anode", 3 0, v0x55b027d4e1d0_0;  alias, 1 drivers
v0x55b027d4f740_0 .net "cathode", 7 0, v0x55b027d4ef70_0;  alias, 1 drivers
v0x55b027d4f810_0 .net "ones", 3 0, v0x55b027d4d7e0_0;  alias, 1 drivers
v0x55b027d4f930_0 .net "out_dig", 3 0, v0x55b027d4eb20_0;  1 drivers
v0x55b027d4fa20_0 .net "refresh_clk", 0 0, v0x55b027d4d080_0;  alias, 1 drivers
v0x55b027d4fb60_0 .net "refresh_cntr", 1 0, v0x55b027d4f530_0;  1 drivers
v0x55b027d4fc20_0 .net "tens", 3 0, v0x55b027d4dbb0_0;  alias, 1 drivers
S_0x55b027d4df70 .scope module, "anode_wrapper" "anode_control" 7 24, 8 13 0, S_0x55b027d4dd10;
 .timescale -9 -12;
    .port_info 0 /INPUT 2 "refresh_cntr";
    .port_info 1 /OUTPUT 4 "anode";
v0x55b027d4e1d0_0 .var "anode", 3 0;
v0x55b027d4e2d0_0 .net "refresh_cntr", 1 0, v0x55b027d4f530_0;  alias, 1 drivers
E_0x55b027d13010 .event edge, v0x55b027d4e2d0_0;
S_0x55b027d4e410 .scope module, "bcd_wrapper" "BCD_control" 7 25, 9 13 0, S_0x55b027d4dd10;
 .timescale -9 -12;
    .port_info 0 /INPUT 4 "dig_0";
    .port_info 1 /INPUT 4 "dig_1";
    .port_info 2 /INPUT 4 "dig_2";
    .port_info 3 /INPUT 4 "dig_3";
    .port_info 4 /INPUT 2 "refresh_cntr";
    .port_info 5 /OUTPUT 4 "show_dig";
v0x55b027d4e6d0_0 .net "dig_0", 3 0, v0x55b027d4d7e0_0;  alias, 1 drivers
v0x55b027d4e790_0 .net "dig_1", 3 0, v0x55b027d4dbb0_0;  alias, 1 drivers
L_0x7feb97c3f018 .functor BUFT 1, C4<0000>, C4<0>, C4<0>, C4<0>;
v0x55b027d4e860_0 .net "dig_2", 3 0, L_0x7feb97c3f018;  1 drivers
L_0x7feb97c3f060 .functor BUFT 1, C4<0000>, C4<0>, C4<0>, C4<0>;
v0x55b027d4e930_0 .net "dig_3", 3 0, L_0x7feb97c3f060;  1 drivers
v0x55b027d4ea10_0 .net "refresh_cntr", 1 0, v0x55b027d4f530_0;  alias, 1 drivers
v0x55b027d4eb20_0 .var "show_dig", 3 0;
S_0x55b027d4ece0 .scope module, "cathod_wrapper" "bcd_to_cathode" 7 26, 10 13 0, S_0x55b027d4dd10;
 .timescale -9 -12;
    .port_info 0 /INPUT 4 "dig";
    .port_info 1 /OUTPUT 8 "cathode";
v0x55b027d4ef70_0 .var "cathode", 7 0;
v0x55b027d4f070_0 .net "dig", 3 0, v0x55b027d4eb20_0;  alias, 1 drivers
E_0x55b027d4eef0 .event edge, v0x55b027d4eb20_0;
S_0x55b027d4f1a0 .scope module, "rc_wrapper" "refresh_counter" 7 23, 11 13 0, S_0x55b027d4dd10;
 .timescale -9 -12;
    .port_info 0 /INPUT 1 "refresh_clk";
    .port_info 1 /OUTPUT 2 "refresh_cntr";
v0x55b027d4f440_0 .net "refresh_clk", 0 0, v0x55b027d4d080_0;  alias, 1 drivers
v0x55b027d4f530_0 .var "refresh_cntr", 1 0;
E_0x55b027d4f3c0 .event posedge, v0x55b027d4d080_0;
    .scope S_0x55b027d4c9d0;
T_0 ;
    %pushi/vec4 0, 0, 1;
    %store/vec4 v0x55b027d4cc30_0, 0, 1;
    %pushi/vec4 0, 0, 32;
    %store/vec4 v0x55b027d4ccf0_0, 0, 32;
    %end;
    .thread T_0;
    .scope S_0x55b027d4c9d0;
T_1 ;
    %wait E_0x55b027d01a70;
    %load/vec4 v0x55b027d4ccf0_0;
    %cmpi/e 4999999, 0, 32;
    %jmp/0xz  T_1.0, 4;
    %pushi/vec4 0, 0, 32;
    %assign/vec4 v0x55b027d4ccf0_0, 0;
    %load/vec4 v0x55b027d4cc30_0;
    %inv;
    %assign/vec4 v0x55b027d4cc30_0, 0;
    %jmp T_1.1;
T_1.0 ;
    %load/vec4 v0x55b027d4ccf0_0;
    %addi 1, 0, 32;
    %assign/vec4 v0x55b027d4ccf0_0, 0;
    %load/vec4 v0x55b027d4cc30_0;
    %assign/vec4 v0x55b027d4cc30_0, 0;
T_1.1 ;
    %jmp T_1;
    .thread T_1;
    .scope S_0x55b027d4cdd0;
T_2 ;
    %pushi/vec4 0, 0, 1;
    %store/vec4 v0x55b027d4d080_0, 0, 1;
    %pushi/vec4 0, 0, 32;
    %store/vec4 v0x55b027d4d120_0, 0, 32;
    %end;
    .thread T_2;
    .scope S_0x55b027d4cdd0;
T_3 ;
    %wait E_0x55b027d01a70;
    %load/vec4 v0x55b027d4d120_0;
    %cmpi/e 4999, 0, 32;
    %jmp/0xz  T_3.0, 4;
    %pushi/vec4 0, 0, 32;
    %assign/vec4 v0x55b027d4d120_0, 0;
    %load/vec4 v0x55b027d4d080_0;
    %inv;
    %assign/vec4 v0x55b027d4d080_0, 0;
    %jmp T_3.1;
T_3.0 ;
    %load/vec4 v0x55b027d4d120_0;
    %addi 1, 0, 32;
    %assign/vec4 v0x55b027d4d120_0, 0;
    %load/vec4 v0x55b027d4d080_0;
    %assign/vec4 v0x55b027d4d080_0, 0;
T_3.1 ;
    %jmp T_3;
    .thread T_3;
    .scope S_0x55b027d2b670;
T_4 ;
    %pushi/vec4 0, 0, 4;
    %store/vec4 v0x55b027d30940_0, 0, 4;
    %end;
    .thread T_4;
    .scope S_0x55b027d2b670;
T_5 ;
    %wait E_0x55b027d29020;
    %load/vec4 v0x55b027d0f480_0;
    %pad/u 32;
    %cmpi/e 1, 0, 32;
    %jmp/0xz  T_5.0, 4;
    %load/vec4 v0x55b027d30940_0;
    %addi 1, 0, 4;
    %assign/vec4 v0x55b027d30940_0, 0;
T_5.0 ;
    %load/vec4 v0x55b027d0f480_0;
    %pad/u 32;
    %cmpi/e 0, 0, 32;
    %jmp/0xz  T_5.2, 4;
    %pushi/vec4 0, 0, 4;
    %assign/vec4 v0x55b027d30940_0, 0;
T_5.2 ;
    %jmp T_5;
    .thread T_5;
    .scope S_0x55b027d4d270;
T_6 ;
    %pushi/vec4 0, 0, 4;
    %store/vec4 v0x55b027d4d7e0_0, 0, 4;
    %pushi/vec4 0, 0, 4;
    %store/vec4 v0x55b027d4dbb0_0, 0, 4;
    %pushi/vec4 0, 0, 4;
    %store/vec4 v0x55b027d4d630_0, 0, 4;
    %pushi/vec4 0, 0, 12;
    %store/vec4 v0x55b027d4d910_0, 0, 12;
    %pushi/vec4 0, 0, 4;
    %store/vec4 v0x55b027d4d9f0_0, 0, 4;
    %pushi/vec4 0, 0, 4;
    %store/vec4 v0x55b027d4dad0_0, 0, 4;
    %pushi/vec4 0, 0, 4;
    %store/vec4 v0x55b027d4d700_0, 0, 4;
    %end;
    .thread T_6;
    .scope S_0x55b027d4d270;
T_7 ;
    %wait E_0x55b027d01a70;
    %load/vec4 v0x55b027d4d630_0;
    %pad/u 32;
    %pushi/vec4 0, 0, 32;
    %cmp/e;
    %flag_get/vec4 4;
    %load/vec4 v0x55b027d4d570_0;
    %load/vec4 v0x55b027d4d700_0;
    %cmp/ne;
    %flag_get/vec4 4;
    %and;
    %flag_set/vec4 8;
    %jmp/0xz  T_7.0, 8;
    %pushi/vec4 0, 0, 12;
    %store/vec4 v0x55b027d4d910_0, 0, 12;
    %load/vec4 v0x55b027d4d570_0;
    %store/vec4 v0x55b027d4d700_0, 0, 4;
    %load/vec4 v0x55b027d4d570_0;
    %ix/load 4, 0, 0;
    %flag_set/imm 4, 0;
    %store/vec4 v0x55b027d4d910_0, 4, 4;
    %load/vec4 v0x55b027d4d910_0;
    %parti/s 4, 4, 4;
    %store/vec4 v0x55b027d4d9f0_0, 0, 4;
    %load/vec4 v0x55b027d4d910_0;
    %parti/s 4, 8, 5;
    %store/vec4 v0x55b027d4dad0_0, 0, 4;
    %pushi/vec4 1, 0, 4;
    %store/vec4 v0x55b027d4d630_0, 0, 4;
T_7.0 ;
    %load/vec4 v0x55b027d4d630_0;
    %pad/u 32;
    %cmpi/e 5, 0, 32;
    %jmp/0xz  T_7.2, 4;
    %load/vec4 v0x55b027d4d9f0_0;
    %store/vec4 v0x55b027d4d7e0_0, 0, 4;
    %load/vec4 v0x55b027d4dad0_0;
    %store/vec4 v0x55b027d4dbb0_0, 0, 4;
    %pushi/vec4 0, 0, 4;
    %store/vec4 v0x55b027d4d630_0, 0, 4;
T_7.2 ;
    %load/vec4 v0x55b027d4d630_0;
    %pad/u 32;
    %cmpi/u 5, 0, 32;
    %flag_get/vec4 5;
    %pushi/vec4 0, 0, 32;
    %load/vec4 v0x55b027d4d630_0;
    %pad/u 32;
    %cmp/u;
    %flag_get/vec4 5;
    %and;
    %flag_set/vec4 8;
    %jmp/0xz  T_7.4, 8;
    %load/vec4 v0x55b027d4d9f0_0;
    %pad/u 32;
    %cmpi/u 5, 0, 32;
    %flag_inv 5; GE is !LT
    %jmp/0xz  T_7.6, 5;
    %load/vec4 v0x55b027d4d9f0_0;
    %addi 3, 0, 4;
    %store/vec4 v0x55b027d4d9f0_0, 0, 4;
T_7.6 ;
    %load/vec4 v0x55b027d4dad0_0;
    %pad/u 32;
    %cmpi/u 5, 0, 32;
    %flag_inv 5; GE is !LT
    %jmp/0xz  T_7.8, 5;
    %load/vec4 v0x55b027d4dad0_0;
    %addi 3, 0, 4;
    %store/vec4 v0x55b027d4dad0_0, 0, 4;
T_7.8 ;
    %load/vec4 v0x55b027d4dad0_0;
    %load/vec4 v0x55b027d4d9f0_0;
    %concat/vec4; draw_concat_vec4
    %ix/load 4, 4, 0;
    %flag_set/imm 4, 0;
    %store/vec4 v0x55b027d4d910_0, 4, 8;
    %load/vec4 v0x55b027d4d910_0;
    %ix/load 4, 1, 0;
    %flag_set/imm 4, 0;
    %shiftl 4;
    %store/vec4 v0x55b027d4d910_0, 0, 12;
    %load/vec4 v0x55b027d4d910_0;
    %parti/s 4, 8, 5;
    %store/vec4 v0x55b027d4dad0_0, 0, 4;
    %load/vec4 v0x55b027d4d910_0;
    %parti/s 4, 4, 4;
    %store/vec4 v0x55b027d4d9f0_0, 0, 4;
    %load/vec4 v0x55b027d4d630_0;
    %addi 1, 0, 4;
    %store/vec4 v0x55b027d4d630_0, 0, 4;
T_7.4 ;
    %jmp T_7;
    .thread T_7;
    .scope S_0x55b027d4f1a0;
T_8 ;
    %pushi/vec4 0, 0, 2;
    %store/vec4 v0x55b027d4f530_0, 0, 2;
    %end;
    .thread T_8;
    .scope S_0x55b027d4f1a0;
T_9 ;
    %wait E_0x55b027d4f3c0;
    %load/vec4 v0x55b027d4f530_0;
    %addi 1, 0, 2;
    %assign/vec4 v0x55b027d4f530_0, 0;
    %jmp T_9;
    .thread T_9;
    .scope S_0x55b027d4df70;
T_10 ;
    %pushi/vec4 0, 0, 4;
    %store/vec4 v0x55b027d4e1d0_0, 0, 4;
    %end;
    .thread T_10;
    .scope S_0x55b027d4df70;
T_11 ;
    %wait E_0x55b027d13010;
    %load/vec4 v0x55b027d4e2d0_0;
    %dup/vec4;
    %pushi/vec4 0, 0, 2;
    %cmp/u;
    %jmp/1 T_11.0, 6;
    %dup/vec4;
    %pushi/vec4 1, 0, 2;
    %cmp/u;
    %jmp/1 T_11.1, 6;
    %dup/vec4;
    %pushi/vec4 2, 0, 2;
    %cmp/u;
    %jmp/1 T_11.2, 6;
    %dup/vec4;
    %pushi/vec4 3, 0, 2;
    %cmp/u;
    %jmp/1 T_11.3, 6;
    %jmp T_11.4;
T_11.0 ;
    %pushi/vec4 14, 0, 4;
    %store/vec4 v0x55b027d4e1d0_0, 0, 4;
    %jmp T_11.4;
T_11.1 ;
    %pushi/vec4 13, 0, 4;
    %store/vec4 v0x55b027d4e1d0_0, 0, 4;
    %jmp T_11.4;
T_11.2 ;
    %pushi/vec4 11, 0, 4;
    %store/vec4 v0x55b027d4e1d0_0, 0, 4;
    %jmp T_11.4;
T_11.3 ;
    %pushi/vec4 7, 0, 4;
    %store/vec4 v0x55b027d4e1d0_0, 0, 4;
    %jmp T_11.4;
T_11.4 ;
    %pop/vec4 1;
    %jmp T_11;
    .thread T_11, $push;
    .scope S_0x55b027d4e410;
T_12 ;
    %pushi/vec4 0, 0, 4;
    %store/vec4 v0x55b027d4eb20_0, 0, 4;
    %end;
    .thread T_12;
    .scope S_0x55b027d4e410;
T_13 ;
    %wait E_0x55b027d13010;
    %load/vec4 v0x55b027d4ea10_0;
    %dup/vec4;
    %pushi/vec4 0, 0, 2;
    %cmp/u;
    %jmp/1 T_13.0, 6;
    %dup/vec4;
    %pushi/vec4 1, 0, 2;
    %cmp/u;
    %jmp/1 T_13.1, 6;
    %dup/vec4;
    %pushi/vec4 2, 0, 2;
    %cmp/u;
    %jmp/1 T_13.2, 6;
    %dup/vec4;
    %pushi/vec4 3, 0, 2;
    %cmp/u;
    %jmp/1 T_13.3, 6;
    %jmp T_13.4;
T_13.0 ;
    %load/vec4 v0x55b027d4e6d0_0;
    %store/vec4 v0x55b027d4eb20_0, 0, 4;
    %jmp T_13.4;
T_13.1 ;
    %load/vec4 v0x55b027d4e790_0;
    %store/vec4 v0x55b027d4eb20_0, 0, 4;
    %jmp T_13.4;
T_13.2 ;
    %load/vec4 v0x55b027d4e860_0;
    %store/vec4 v0x55b027d4eb20_0, 0, 4;
    %jmp T_13.4;
T_13.3 ;
    %load/vec4 v0x55b027d4e930_0;
    %store/vec4 v0x55b027d4eb20_0, 0, 4;
    %jmp T_13.4;
T_13.4 ;
    %pop/vec4 1;
    %jmp T_13;
    .thread T_13, $push;
    .scope S_0x55b027d4ece0;
T_14 ;
    %pushi/vec4 0, 0, 8;
    %store/vec4 v0x55b027d4ef70_0, 0, 8;
    %end;
    .thread T_14;
    .scope S_0x55b027d4ece0;
T_15 ;
    %wait E_0x55b027d4eef0;
    %load/vec4 v0x55b027d4f070_0;
    %dup/vec4;
    %pushi/vec4 0, 0, 4;
    %cmp/u;
    %jmp/1 T_15.0, 6;
    %dup/vec4;
    %pushi/vec4 1, 0, 4;
    %cmp/u;
    %jmp/1 T_15.1, 6;
    %dup/vec4;
    %pushi/vec4 2, 0, 4;
    %cmp/u;
    %jmp/1 T_15.2, 6;
    %dup/vec4;
    %pushi/vec4 3, 0, 4;
    %cmp/u;
    %jmp/1 T_15.3, 6;
    %dup/vec4;
    %pushi/vec4 4, 0, 4;
    %cmp/u;
    %jmp/1 T_15.4, 6;
    %dup/vec4;
    %pushi/vec4 5, 0, 4;
    %cmp/u;
    %jmp/1 T_15.5, 6;
    %dup/vec4;
    %pushi/vec4 6, 0, 4;
    %cmp/u;
    %jmp/1 T_15.6, 6;
    %dup/vec4;
    %pushi/vec4 7, 0, 4;
    %cmp/u;
    %jmp/1 T_15.7, 6;
    %dup/vec4;
    %pushi/vec4 8, 0, 4;
    %cmp/u;
    %jmp/1 T_15.8, 6;
    %dup/vec4;
    %pushi/vec4 9, 0, 4;
    %cmp/u;
    %jmp/1 T_15.9, 6;
    %pushi/vec4 192, 0, 8;
    %store/vec4 v0x55b027d4ef70_0, 0, 8;
    %jmp T_15.11;
T_15.0 ;
    %pushi/vec4 192, 0, 8;
    %store/vec4 v0x55b027d4ef70_0, 0, 8;
    %jmp T_15.11;
T_15.1 ;
    %pushi/vec4 253, 0, 8;
    %store/vec4 v0x55b027d4ef70_0, 0, 8;
    %jmp T_15.11;
T_15.2 ;
    %pushi/vec4 164, 0, 8;
    %store/vec4 v0x55b027d4ef70_0, 0, 8;
    %jmp T_15.11;
T_15.3 ;
    %pushi/vec4 176, 0, 8;
    %store/vec4 v0x55b027d4ef70_0, 0, 8;
    %jmp T_15.11;
T_15.4 ;
    %pushi/vec4 153, 0, 8;
    %store/vec4 v0x55b027d4ef70_0, 0, 8;
    %jmp T_15.11;
T_15.5 ;
    %pushi/vec4 146, 0, 8;
    %store/vec4 v0x55b027d4ef70_0, 0, 8;
    %jmp T_15.11;
T_15.6 ;
    %pushi/vec4 130, 0, 8;
    %store/vec4 v0x55b027d4ef70_0, 0, 8;
    %jmp T_15.11;
T_15.7 ;
    %pushi/vec4 248, 0, 8;
    %store/vec4 v0x55b027d4ef70_0, 0, 8;
    %jmp T_15.11;
T_15.8 ;
    %pushi/vec4 128, 0, 8;
    %store/vec4 v0x55b027d4ef70_0, 0, 8;
    %jmp T_15.11;
T_15.9 ;
    %pushi/vec4 144, 0, 8;
    %store/vec4 v0x55b027d4ef70_0, 0, 8;
    %jmp T_15.11;
T_15.11 ;
    %pop/vec4 1;
    %jmp T_15;
    .thread T_15, $push;
# The file index is used to find the file name in the following table.
:file_names 12;
    "N/A";
    "<interactive>";
    "binary_counter_4_bit.v";
    "binary_counter.v";
    "clock_divider.v";
    "clock_10kHz_converter.v";
    "binary_to_bcd_converter.v";
    "BCD_7_segment.v";
    "anode_control.v";
    "BCD_control.v";
    "bcd_to_cathode.v";
    "refresh_counter.v";
